[20:56:54] [INFO] Riddick [0] successfully called command: "/setitem" (.\modules\TLoU.commands\callbacks.inc:26)
[20:56:57] [INFO] Riddick [0] successfully called command: "/setitem 10 100" (.\modules\TLoU.commands\callbacks.inc:26)
[20:57:05] [INFO] Riddick [0] successfully called command: "/icmd createitem" (.\modules\TLoU.commands\callbacks.inc:26)
[20:57:05] [INFO] Riddick [0] successfully called command: "createitem" (.\modules\TLoU.commands\callbacks.inc:26)
[20:57:09] [INFO] Riddick [0] successfully called command: "/createitem" (.\modules\TLoU.commands\callbacks.inc:26)
[20:57:12] [INFO] Riddick [0] successfully called command: "/createitem 13 300 0 0 0" (.\modules\TLoU.commands\callbacks.inc:26)
[20:57:16] [INFO] Riddick [0] successfully called command: "/createitem 13 50 0 0 0" (.\modules\TLoU.commands\callbacks.inc:26)
[20:57:32] [INFO] Riddick [0] successfully called command: "/setitem 0 100" (.\modules\TLoU.commands\callbacks.inc:26)
[20:57:35] [INFO] Riddick [0] successfully called command: "/setitem 4 100" (.\modules\TLoU.commands\callbacks.inc:26)
[20:57:50] [INFO] Riddick [0] successfully called command: "/setitem" (.\modules\TLoU.commands\callbacks.inc:26)
[20:57:55] [INFO] Riddick [0] successfully called command: "/icmd createitem" (.\modules\TLoU.commands\callbacks.inc:26)
[20:57:55] [INFO] Riddick [0] successfully called command: "createitem" (.\modules\TLoU.commands\callbacks.inc:26)
[20:58:01] [INFO] Riddick [0] successfully called command: "/setitem 19 1" (.\modules\TLoU.commands\callbacks.inc:26)
[21:03:20] [INFO] Riddick [0] successfully called command: "/ls" (.\modules\TLoU.commands\callbacks.inc:26)
[21:04:19] [INFO] Riddick [0] successfully called command: "/chatpos" (.\modules\TLoU.commands\callbacks.inc:26)
[21:04:23] [INFO] Riddick [0] successfully called command: "/chatpos top left" (.\modules\TLoU.commands\callbacks.inc:26)
[21:04:34] [INFO] Riddick [0] successfully called command: "/chatpos bottom left" (.\modules\TLoU.commands\callbacks.inc:26)
[21:05:42] [INFO] Riddick [0] successfully called command: "/setitem 0 100" (.\modules\TLoU.commands\callbacks.inc:26)
[21:05:43] [INFO] Riddick [0] successfully called command: "/setitem 4 100" (.\modules\TLoU.commands\callbacks.inc:26)
[21:05:55] [INFO] Riddick [0] successfully called command: "/ls" (.\modules\TLoU.commands\callbacks.inc:26)
[21:06:22] [INFO] Riddick [0] successfully called command: "/ls" (.\modules\TLoU.commands\callbacks.inc:26)
