[20:56:07] [plugins/mysql] cache_get_value_name_float: value 'NULL' is not a number (.\modules\TLoU.dbQueries\server_queries.inc:59 -> .\modules\TLoU.dbQueries\server_queries.inc:38 -> .\modules\includes\a_mysql_yinline.inc:665)
[20:56:07] [plugins/mysql] cache_get_value_name_float: value 'NULL' is not a number (.\modules\TLoU.dbQueries\server_queries.inc:60 -> .\modules\TLoU.dbQueries\server_queries.inc:38 -> .\modules\includes\a_mysql_yinline.inc:665)
[20:56:07] [plugins/mysql] cache_get_value_name_float: value 'NULL' is not a number (.\modules\TLoU.dbQueries\server_queries.inc:61 -> .\modules\TLoU.dbQueries\server_queries.inc:38 -> .\modules\includes\a_mysql_yinline.inc:665)
[20:56:07] [plugins/mysql] cache_get_value_name_int: value 'NULL' is not a number (.\modules\TLoU.dbQueries\server_queries.inc:62 -> .\modules\TLoU.dbQueries\server_queries.inc:38 -> .\modules\includes\a_mysql_yinline.inc:665)
[20:56:07] [plugins/mysql] cache_get_value_name_int: value 'NULL' is not a number (.\modules\TLoU.dbQueries\server_queries.inc:63 -> .\modules\TLoU.dbQueries\server_queries.inc:38 -> .\modules\includes\a_mysql_yinline.inc:665)
[20:56:07] [plugins/mysql] cache_get_value_name_float: value 'NULL' is not a number (.\modules\TLoU.dbQueries\server_queries.inc:59 -> .\modules\TLoU.dbQueries\server_queries.inc:38 -> .\modules\includes\a_mysql_yinline.inc:665)
[20:56:07] [plugins/mysql] cache_get_value_name_float: value 'NULL' is not a number (.\modules\TLoU.dbQueries\server_queries.inc:60 -> .\modules\TLoU.dbQueries\server_queries.inc:38 -> .\modules\includes\a_mysql_yinline.inc:665)
[20:56:07] [plugins/mysql] cache_get_value_name_float: value 'NULL' is not a number (.\modules\TLoU.dbQueries\server_queries.inc:61 -> .\modules\TLoU.dbQueries\server_queries.inc:38 -> .\modules\includes\a_mysql_yinline.inc:665)
[20:56:07] [plugins/mysql] cache_get_value_name_int: value 'NULL' is not a number (.\modules\TLoU.dbQueries\server_queries.inc:62 -> .\modules\TLoU.dbQueries\server_queries.inc:38 -> .\modules\includes\a_mysql_yinline.inc:665)
[20:56:07] [plugins/mysql] cache_get_value_name_int: value 'NULL' is not a number (.\modules\TLoU.dbQueries\server_queries.inc:63 -> .\modules\TLoU.dbQueries\server_queries.inc:38 -> .\modules\includes\a_mysql_yinline.inc:665)
[20:56:07] [plugins/mysql] cache_get_value_name_float: value 'NULL' is not a number (.\modules\TLoU.dbQueries\server_queries.inc:59 -> .\modules\TLoU.dbQueries\server_queries.inc:38 -> .\modules\includes\a_mysql_yinline.inc:665)
[20:56:07] [plugins/mysql] cache_get_value_name_float: value 'NULL' is not a number (.\modules\TLoU.dbQueries\server_queries.inc:60 -> .\modules\TLoU.dbQueries\server_queries.inc:38 -> .\modules\includes\a_mysql_yinline.inc:665)
[20:56:07] [plugins/mysql] cache_get_value_name_float: value 'NULL' is not a number (.\modules\TLoU.dbQueries\server_queries.inc:61 -> .\modules\TLoU.dbQueries\server_queries.inc:38 -> .\modules\includes\a_mysql_yinline.inc:665)
[20:56:07] [plugins/mysql] cache_get_value_name_int: value 'NULL' is not a number (.\modules\TLoU.dbQueries\server_queries.inc:62 -> .\modules\TLoU.dbQueries\server_queries.inc:38 -> .\modules\includes\a_mysql_yinline.inc:665)
[20:56:07] [plugins/mysql] cache_get_value_name_int: value 'NULL' is not a number (.\modules\TLoU.dbQueries\server_queries.inc:63 -> .\modules\TLoU.dbQueries\server_queries.inc:38 -> .\modules\includes\a_mysql_yinline.inc:665)
[20:56:07] [plugins/mysql] cache_get_value_name_float: value 'NULL' is not a number (.\modules\TLoU.dbQueries\server_queries.inc:59 -> .\modules\TLoU.dbQueries\server_queries.inc:38 -> .\modules\includes\a_mysql_yinline.inc:665)
[20:56:07] [plugins/mysql] cache_get_value_name_float: value 'NULL' is not a number (.\modules\TLoU.dbQueries\server_queries.inc:60 -> .\modules\TLoU.dbQueries\server_queries.inc:38 -> .\modules\includes\a_mysql_yinline.inc:665)
[20:56:07] [plugins/mysql] cache_get_value_name_float: value 'NULL' is not a number (.\modules\TLoU.dbQueries\server_queries.inc:61 -> .\modules\TLoU.dbQueries\server_queries.inc:38 -> .\modules\includes\a_mysql_yinline.inc:665)
[20:56:07] [plugins/mysql] cache_get_value_name_int: value 'NULL' is not a number (.\modules\TLoU.dbQueries\server_queries.inc:62 -> .\modules\TLoU.dbQueries\server_queries.inc:38 -> .\modules\includes\a_mysql_yinline.inc:665)
[20:56:07] [plugins/mysql] cache_get_value_name_int: value 'NULL' is not a number (.\modules\TLoU.dbQueries\server_queries.inc:63 -> .\modules\TLoU.dbQueries\server_queries.inc:38 -> .\modules\includes\a_mysql_yinline.inc:665)
[20:56:07] [plugins/mysql] cache_get_value_name_float: value 'NULL' is not a number (.\modules\TLoU.dbQueries\server_queries.inc:59 -> .\modules\TLoU.dbQueries\server_queries.inc:38 -> .\modules\includes\a_mysql_yinline.inc:665)
[20:56:07] [plugins/mysql] cache_get_value_name_float: value 'NULL' is not a number (.\modules\TLoU.dbQueries\server_queries.inc:60 -> .\modules\TLoU.dbQueries\server_queries.inc:38 -> .\modules\includes\a_mysql_yinline.inc:665)
[20:56:07] [plugins/mysql] cache_get_value_name_float: value 'NULL' is not a number (.\modules\TLoU.dbQueries\server_queries.inc:61 -> .\modules\TLoU.dbQueries\server_queries.inc:38 -> .\modules\includes\a_mysql_yinline.inc:665)
[20:56:07] [plugins/mysql] cache_get_value_name_int: value 'NULL' is not a number (.\modules\TLoU.dbQueries\server_queries.inc:62 -> .\modules\TLoU.dbQueries\server_queries.inc:38 -> .\modules\includes\a_mysql_yinline.inc:665)
[20:56:07] [plugins/mysql] cache_get_value_name_int: value 'NULL' is not a number (.\modules\TLoU.dbQueries\server_queries.inc:63 -> .\modules\TLoU.dbQueries\server_queries.inc:38 -> .\modules\includes\a_mysql_yinline.inc:665)
[20:56:07] [plugins/mysql] cache_get_value_name_float: value 'NULL' is not a number (.\modules\TLoU.dbQueries\server_queries.inc:59 -> .\modules\TLoU.dbQueries\server_queries.inc:38 -> .\modules\includes\a_mysql_yinline.inc:665)
[20:56:07] [plugins/mysql] cache_get_value_name_float: value 'NULL' is not a number (.\modules\TLoU.dbQueries\server_queries.inc:60 -> .\modules\TLoU.dbQueries\server_queries.inc:38 -> .\modules\includes\a_mysql_yinline.inc:665)
[20:56:07] [plugins/mysql] cache_get_value_name_float: value 'NULL' is not a number (.\modules\TLoU.dbQueries\server_queries.inc:61 -> .\modules\TLoU.dbQueries\server_queries.inc:38 -> .\modules\includes\a_mysql_yinline.inc:665)
[20:56:07] [plugins/mysql] cache_get_value_name_int: value 'NULL' is not a number (.\modules\TLoU.dbQueries\server_queries.inc:62 -> .\modules\TLoU.dbQueries\server_queries.inc:38 -> .\modules\includes\a_mysql_yinline.inc:665)
[20:56:07] [plugins/mysql] cache_get_value_name_int: value 'NULL' is not a number (.\modules\TLoU.dbQueries\server_queries.inc:63 -> .\modules\TLoU.dbQueries\server_queries.inc:38 -> .\modules\includes\a_mysql_yinline.inc:665)
[20:56:07] [plugins/mysql] cache_get_value_name_float: value 'NULL' is not a number (.\modules\TLoU.dbQueries\server_queries.inc:59 -> .\modules\TLoU.dbQueries\server_queries.inc:38 -> .\modules\includes\a_mysql_yinline.inc:665)
[20:56:07] [plugins/mysql] cache_get_value_name_float: value 'NULL' is not a number (.\modules\TLoU.dbQueries\server_queries.inc:60 -> .\modules\TLoU.dbQueries\server_queries.inc:38 -> .\modules\includes\a_mysql_yinline.inc:665)
[20:56:07] [plugins/mysql] cache_get_value_name_float: value 'NULL' is not a number (.\modules\TLoU.dbQueries\server_queries.inc:61 -> .\modules\TLoU.dbQueries\server_queries.inc:38 -> .\modules\includes\a_mysql_yinline.inc:665)
[20:56:07] [plugins/mysql] cache_get_value_name_int: value 'NULL' is not a number (.\modules\TLoU.dbQueries\server_queries.inc:62 -> .\modules\TLoU.dbQueries\server_queries.inc:38 -> .\modules\includes\a_mysql_yinline.inc:665)
[20:56:07] [plugins/mysql] cache_get_value_name_int: value 'NULL' is not a number (.\modules\TLoU.dbQueries\server_queries.inc:63 -> .\modules\TLoU.dbQueries\server_queries.inc:38 -> .\modules\includes\a_mysql_yinline.inc:665)
[20:56:07] [plugins/mysql] cache_get_value_name_float: value 'NULL' is not a number (.\modules\TLoU.dbQueries\server_queries.inc:59 -> .\modules\TLoU.dbQueries\server_queries.inc:38 -> .\modules\includes\a_mysql_yinline.inc:665)
[20:56:07] [plugins/mysql] cache_get_value_name_float: value 'NULL' is not a number (.\modules\TLoU.dbQueries\server_queries.inc:60 -> .\modules\TLoU.dbQueries\server_queries.inc:38 -> .\modules\includes\a_mysql_yinline.inc:665)
[20:56:07] [plugins/mysql] cache_get_value_name_float: value 'NULL' is not a number (.\modules\TLoU.dbQueries\server_queries.inc:61 -> .\modules\TLoU.dbQueries\server_queries.inc:38 -> .\modules\includes\a_mysql_yinline.inc:665)
[20:56:07] [plugins/mysql] cache_get_value_name_int: value 'NULL' is not a number (.\modules\TLoU.dbQueries\server_queries.inc:62 -> .\modules\TLoU.dbQueries\server_queries.inc:38 -> .\modules\includes\a_mysql_yinline.inc:665)
[20:56:07] [plugins/mysql] cache_get_value_name_int: value 'NULL' is not a number (.\modules\TLoU.dbQueries\server_queries.inc:63 -> .\modules\TLoU.dbQueries\server_queries.inc:38 -> .\modules\includes\a_mysql_yinline.inc:665)
[20:56:07] [plugins/mysql] cache_get_value_name_float: value 'NULL' is not a number (.\modules\TLoU.dbQueries\server_queries.inc:59 -> .\modules\TLoU.dbQueries\server_queries.inc:38 -> .\modules\includes\a_mysql_yinline.inc:665)
[20:56:07] [plugins/mysql] cache_get_value_name_float: value 'NULL' is not a number (.\modules\TLoU.dbQueries\server_queries.inc:60 -> .\modules\TLoU.dbQueries\server_queries.inc:38 -> .\modules\includes\a_mysql_yinline.inc:665)
[20:56:07] [plugins/mysql] cache_get_value_name_float: value 'NULL' is not a number (.\modules\TLoU.dbQueries\server_queries.inc:61 -> .\modules\TLoU.dbQueries\server_queries.inc:38 -> .\modules\includes\a_mysql_yinline.inc:665)
[20:56:07] [plugins/mysql] cache_get_value_name_int: value 'NULL' is not a number (.\modules\TLoU.dbQueries\server_queries.inc:62 -> .\modules\TLoU.dbQueries\server_queries.inc:38 -> .\modules\includes\a_mysql_yinline.inc:665)
[20:56:07] [plugins/mysql] cache_get_value_name_int: value 'NULL' is not a number (.\modules\TLoU.dbQueries\server_queries.inc:63 -> .\modules\TLoU.dbQueries\server_queries.inc:38 -> .\modules\includes\a_mysql_yinline.inc:665)
[20:56:44] [plugins/mysql] mysql_format: destination size '88' is too small (.\modules\TLoU.dbQueries\player_queries.inc:85 -> .\modules\TLoU.registerLogin\login.inc:62)
[20:56:44] [plugins/mysql] error #1065 while executing query "": Query was empty (.\modules\includes\a_mysql_yinline.inc:106 -> .\modules\TLoU.dbQueries\player_queries.inc:87 -> .\modules\TLoU.registerLogin\login.inc:62)
[20:57:12] [plugins/mysql] error #1264 while executing query "INSERT INTO `items_data` (`id_item`, `x`, `y`, `z`, `rX`, `rY`, `rZ`, `virtualWorld`, `interiorId`, `amount`, `meleeExtCnd`, `collectibleTitle`, `collectibleInnerMsg` ) VALUES (13, 2465.086914, -1660.899292, 12.289392, 90.000000, 110.000000, 0.000000, 0, 0, 300, 0, '0', '0')": Out of range value for column 'amount' at row 1 (.\modules\TLoU.dbQueries\server_queries.inc:15 -> .\modules\TLoU.items\utils.inc:38 -> .\modules\TLoU.commands\commands.inc:228 -> .\modules\includes\YSI-Includes-4.x\YSI\..\YSI_Visual\y_commands/impl.inc:528 -> .\modules\includes\YSI-Includes-4.x\YSI\..\YSI_Visual\y_commands/impl.inc:1359 -> .\modules\includes\YSI-Includes-4.x\YSI\..\YSI_Visual\..\YSI_Coding\..\YSI_Internal\y_cgen.inc:113)
